-------------------------------------------------------------------------------
Test set: allureExamples.MyCalculatorTest
-------------------------------------------------------------------------------
Tests run: 5, Failures: 1, Errors: 0, Skipped: 0, Time elapsed: 0.913 s <<< FAILURE! - in allureExamples.MyCalculatorTest
allureExamples.MyCalculatorTest.tc4  Time elapsed: 0 s  <<< FAILURE!
java.lang.AssertionError: 

Expected: <6.0>
     but: was <5.0>
	at allureExamples.MyCalculatorTest.tc4(MyCalculatorTest.java:65)

