<?xml version="1.0" encoding="UTF-8"?>
<testsuite xmlns:xsi="http://www.w3.org/2001/XMLSchema-instance" xsi:noNamespaceSchemaLocation="https://maven.apache.org/surefire/maven-surefire-plugin/xsd/surefire-test-report-3.0.xsd" version="3.0" name="allureExamples.MyCalculatorTest" time="0.913" tests="5" errors="0" skipped="0" failures="1">
  <properties>
[...]
</properties>
  <testcase name="tc1" classname="allureExamples.MyCalculatorTest" time="0"/>
  <testcase name="tc2" classname="allureExamples.MyCalculatorTest" time="0"/>
  <testcase name="tc3" classname="allureExamples.MyCalculatorTest" time="0"/>
  <testcase name="tc4" classname="allureExamples.MyCalculatorTest" time="0">
    <failure message="&#10;Expected: &lt;6.0&gt;&#10;     but: was &lt;5.0&gt;" type="java.lang.AssertionError"><![CDATA[java.lang.AssertionError: 

Expected: <6.0>
     but: was <5.0>
	at allureExamples.MyCalculatorTest.tc4(MyCalculatorTest.java:65)
]]></failure>
  </testcase>
  <testcase name="tc5" classname="allureExamples.MyCalculatorTest" time="0"/>
</testsuite>